2017-05-30 13:51:53,197 [Worker-1] INFO  c.g.t.t.d.PublishedGradleVersions - Gradle version information cache is up-to-date. Trying to read.
2017-05-30 14:16:13,421 [Worker-0] INFO  c.g.t.t.d.PublishedGradleVersions - Gradle version information cache is up-to-date. Trying to read.
2017-05-30 18:51:27,907 [Worker-1] INFO  c.g.t.t.d.PublishedGradleVersions - Gradle version information cache is up-to-date. Trying to read.
2017-05-30 19:32:52,844 [Worker-0] INFO  c.g.t.t.d.PublishedGradleVersions - Gradle version information cache is up-to-date. Trying to read.
2017-05-31 09:31:37,263 [Worker-0] INFO  c.g.t.t.d.PublishedGradleVersions - Gradle version information cache is up-to-date. Trying to read.
2017-05-31 11:19:15,511 [Worker-2] INFO  c.g.t.t.d.PublishedGradleVersions - Gradle version information cache is up-to-date. Trying to read.
2017-05-31 23:25:18,124 [Worker-3] INFO  c.g.t.t.d.PublishedGradleVersions - Gradle version information cache is out-of-date. Trying to update.
2017-06-01 10:07:57,891 [Worker-0] INFO  c.g.t.t.d.PublishedGradleVersions - Gradle version information cache is up-to-date. Trying to read.
2017-06-01 19:12:09,820 [Worker-1] INFO  c.g.t.t.d.PublishedGradleVersions - Gradle version information cache is up-to-date. Trying to read.
2017-06-02 10:46:52,355 [Worker-0] INFO  c.g.t.t.d.PublishedGradleVersions - Gradle version information cache is out-of-date. Trying to update.
2017-06-02 11:48:31,484 [Worker-0] INFO  c.g.t.t.d.PublishedGradleVersions - Gradle version information cache is up-to-date. Trying to read.
2017-06-02 13:42:21,470 [Start Help Server] INFO  org.eclipse.jetty.util.log - Logging initialized @6845775ms
2017-06-02 13:42:21,644 [Start Help Server] INFO  org.eclipse.jetty.server.Server - jetty-9.3.9.v20160517
2017-06-02 13:42:21,696 [Start Help Server] INFO  o.e.j.server.handler.ContextHandler - Started o.e.j.s.ServletContextHandler@7cb260d5{/help,null,AVAILABLE}
2017-06-02 13:42:21,721 [Start Help Server] INFO  o.e.jetty.server.AbstractConnector - Started ServerConnector@38a8f71{HTTP/1.1,[http/1.1]}{127.0.0.1:62492}
2017-06-02 13:42:21,721 [Start Help Server] INFO  org.eclipse.jetty.server.Server - Started @6846027ms
2017-06-02 13:42:33,163 [Stop Help Server] INFO  o.e.jetty.server.AbstractConnector - Stopped ServerConnector@38a8f71{HTTP/1.1,[http/1.1]}{127.0.0.1:0}
2017-06-02 13:42:33,177 [Stop Help Server] INFO  o.e.j.server.handler.ContextHandler - Stopped o.e.j.s.ServletContextHandler@7cb260d5{/help,null,UNAVAILABLE}
2017-06-02 15:12:19,518 [Worker-3] INFO  c.g.t.t.d.PublishedGradleVersions - Gradle version information cache is up-to-date. Trying to read.
2017-06-02 15:47:34,159 [Worker-2] INFO  c.g.t.t.d.PublishedGradleVersions - Gradle version information cache is up-to-date. Trying to read.
2017-06-02 16:45:04,634 [Worker-3] INFO  c.g.t.t.d.PublishedGradleVersions - Gradle version information cache is up-to-date. Trying to read.
2017-06-02 16:49:31,107 [Worker-3] INFO  c.g.t.t.d.PublishedGradleVersions - Gradle version information cache is up-to-date. Trying to read.
2017-06-02 17:22:59,833 [Worker-3] INFO  c.g.t.t.d.PublishedGradleVersions - Gradle version information cache is up-to-date. Trying to read.
2017-06-02 19:03:56,273 [Start Help Server] INFO  org.eclipse.jetty.util.log - Logging initialized @6070382ms
2017-06-02 19:03:56,474 [Start Help Server] INFO  org.eclipse.jetty.server.Server - jetty-9.3.9.v20160517
2017-06-02 19:03:56,533 [Start Help Server] INFO  o.e.j.server.handler.ContextHandler - Started o.e.j.s.ServletContextHandler@2f761e45{/help,null,AVAILABLE}
2017-06-02 19:03:56,555 [Start Help Server] INFO  o.e.jetty.server.AbstractConnector - Started ServerConnector@2c098fec{HTTP/1.1,[http/1.1]}{127.0.0.1:64844}
2017-06-02 19:03:56,556 [Start Help Server] INFO  org.eclipse.jetty.server.Server - Started @6070665ms
2017-06-02 21:46:31,418 [Stop Help Server] INFO  o.e.jetty.server.AbstractConnector - Stopped ServerConnector@2c098fec{HTTP/1.1,[http/1.1]}{127.0.0.1:0}
2017-06-02 21:46:31,442 [Stop Help Server] INFO  o.e.j.server.handler.ContextHandler - Stopped o.e.j.s.ServletContextHandler@2f761e45{/help,null,UNAVAILABLE}
2017-06-02 21:46:45,920 [Worker-0] INFO  c.g.t.t.d.PublishedGradleVersions - Gradle version information cache is up-to-date. Trying to read.
2017-06-02 22:53:50,388 [Worker-4] INFO  c.g.t.t.d.PublishedGradleVersions - Gradle version information cache is up-to-date. Trying to read.
2017-06-03 10:54:45,404 [Worker-29] INFO  c.g.t.t.d.PublishedGradleVersions - Gradle version information cache is out-of-date. Trying to update.
2017-06-03 13:37:01,931 [Worker-3] INFO  c.g.t.t.d.PublishedGradleVersions - Gradle version information cache is up-to-date. Trying to read.
2017-06-03 15:46:27,172 [Worker-2] INFO  c.g.t.t.d.PublishedGradleVersions - Gradle version information cache is up-to-date. Trying to read.
2017-06-04 11:06:12,164 [Worker-0] INFO  c.g.t.t.d.PublishedGradleVersions - Gradle version information cache is out-of-date. Trying to update.
2017-06-05 18:44:42,406 [Worker-3] INFO  c.g.t.t.d.PublishedGradleVersions - Gradle version information cache is out-of-date. Trying to update.
2017-06-05 18:56:02,264 [Worker-3] INFO  c.g.t.t.d.PublishedGradleVersions - Gradle version information cache is up-to-date. Trying to read.
